#
# There is insufficient memory for the Java Runtime Environment to continue.
# Native memory allocation (mmap) failed to map 266338304 bytes. Error detail: G1 virtual space
# Possible reasons:
#   The system is out of physical RAM or swap space
#   This process is running with CompressedOops enabled, and the Java Heap may be blocking the growth of the native heap
# Possible solutions:
#   Reduce memory load on the system
#   Increase physical memory or swap space
#   Check if swap backing store is full
#   Decrease Java heap size (-Xmx/-Xms)
#   Decrease number of Java threads
#   Decrease Java thread stack sizes (-Xss)
#   Set larger code cache with -XX:ReservedCodeCacheSize=
#   JVM is running with Zero Based Compressed Oops mode in which the Java heap is
#     placed in the first 32GB address space. The Java Heap base address is the
#     maximum limit for the native heap growth. Please use -XX:HeapBaseMinAddress
#     to set the Java Heap base and to place the Java Heap above 32GB virtual address.
# This output file may be truncated or incomplete.
#
#  Out of Memory Error (os_windows.cpp:3554), pid=14368, tid=6396
#
# JRE version:  (25.0.1+8) (build )
# Java VM: OpenJDK 64-Bit Server VM (25.0.1+8-LTS, mixed mode, sharing, tiered, compressed oops, compressed class ptrs, g1 gc, windows-amd64)
# No core dump will be written. Minidumps are not enabled by default on client versions of Windows
#

---------------  S U M M A R Y ------------

Command Line: -Dfile.encoding=UTF-8 --enable-native-access=ALL-UNNAMED main.Main

Host: Intel(R) Core(TM) i7-8665U CPU @ 1.90GHz, 8 cores, 15G,  Windows 11 , 64 bit Build 26100 (10.0.26100.8521)
Time: Sun Jun  7 18:00:37 2026 SE Asia Standard Time elapsed time: 1.245142 seconds (0d 0h 0m 1s)

---------------  T H R E A D  ---------------

Current thread (0x00000167ec18b980):  JavaThread "Unknown thread" [_thread_in_vm, id=6396, stack(0x00000024fcd00000,0x00000024fce00000) (1024K)]

Stack: [0x00000024fcd00000,0x00000024fce00000]
Native frames: (J=compiled Java code, j=interpreted, Vv=VM code, C=native code)
V  [jvm.dll+0x7a8379]  (no source info available)
V  [jvm.dll+0x7729fd]  (no source info available)
V  [jvm.dll+0x9f57b3]  (no source info available)
V  [jvm.dll+0x9f7da1]  (no source info available)
V  [jvm.dll+0x9f84a3]  (no source info available)
V  [jvm.dll+0x2fcd26]  (no source info available)
V  [jvm.dll+0x7a45a5]  (no source info available)
V  [jvm.dll+0x797a07]  (no source info available)
V  [jvm.dll+0x3f4cb8]  (no source info available)
V  [jvm.dll+0x3fcbf6]  (no source info available)
V  [jvm.dll+0x3e938e]  (no source info available)
V  [jvm.dll+0x3e9648]  (no source info available)
V  [jvm.dll+0x3c0b15]  (no source info available)
V  [jvm.dll+0x3c179e]  (no source info available)
V  [jvm.dll+0x9bbc74]  (no source info available)
V  [jvm.dll+0x459892]  (no source info available)
V  [jvm.dll+0x99faa2]  (no source info available)
V  [jvm.dll+0x4fa061]  (no source info available)
V  [jvm.dll+0x4fb951]  (no source info available)
C  [jli.dll+0x53fa]  (no source info available)
C  [ucrtbase.dll+0x2cd30]  (no source info available)
C  [KERNEL32.DLL+0x2e957]  (no source info available)
C  [ntdll.dll+0x87c1c]  (no source info available)

Lock stack of current Java thread (top to bottom):


---------------  P R O C E S S  ---------------

Threads class SMR info:
_java_thread_list=0x00007fff9a8cdf88, length=0, elements={
}

Java Threads: ( => current thread )
Total: 0

Other Threads:
  0x00000167ee5b2cf0 WorkerThread "GC Thread#0"                     [id=18892, stack(0x00000024fce00000,0x00000024fcf00000) (1024K)]
  0x00000167ee5cc770 ConcurrentGCThread "G1 Main Marker"            [id=19488, stack(0x00000024fcf00000,0x00000024fd000000) (1024K)]
  0x00000167ee5cdac0 WorkerThread "G1 Conc#0"                       [id=15556, stack(0x00000024fd000000,0x00000024fd100000) (1024K)]

[error occurred during error reporting (printing all threads), id 0xc0000005, EXCEPTION_ACCESS_VIOLATION (0xc0000005) at pc=0x00007fff99ef538a]
VM state: not at safepoint (not fully initialized)

VM Mutex/Monitor currently owned by a thread:  ([mutex/lock_event])
[0x00007fff9a9564e8] Heap_lock - owner thread: 0x00000167ec18b980

Heap address: 0x0000000703800000, size: 4040 MB, Compressed Oops mode: Zero based, Oop shift amount: 3

CDS archive(s) mapped at: [0x0000000000000000-0x0000000000000000-0x0000000000000000), size 0, SharedBaseAddress: 0x0000000800000000, ArchiveRelocationMode: 1.
UseCompressedClassPointers 1, UseCompactObjectHeaders 0
Narrow klass pointer bits 32, Max shift 3
Narrow klass base: 0xffffffffffffffff, Narrow klass shift: -1
Encoding Range: [0xffffffffffffffff - 0x000000007fffffff), (2147483648 bytes)
Klass Range:    [0x0000000000000000 - 0x0000000000000000), (0 bytes)
Klass ID Range:  [4294967295 - 0) (1)
No protection zone.

GC Precious Log:
 CardTable entry size: 512
 Card Set container configuration: InlinePtr #cards 4 size 8 Array Of Cards #cards 16 size 48 Howl #buckets 8 coarsen threshold 3686 Howl Bitmap #cards 512 size 80 coarsen threshold 460 Card regions per heap region 1 cards per card region 4096

Heap:
 garbage-first heap   total reserved 4136960K, committed 0K, used 0K [0x0000000703800000, 0x0000000800000000)
  region size 2048K, 0 young (0K), 0 survivors (0K)

Heap Regions: E=young(eden), S=young(survivor), O=old, HS=humongous(starts), HC=humongous(continues), CS=collection set, F=free, TAMS=top-at-mark-start, PB=parsable bottom

Card table byte_map: [0x00000167f7b70000,0x00000167f8360000] _byte_map_base: 0x00000167f4354000

Marking Bits: (CMBitMap*) 0x00000167ee5b3480
 Bits: [0x00000167f8360000, 0x00000167fc280000)

GC Heap Usage History (0 events):
No events

Metaspace Usage History (0 events):
No events

Dll operation events (1 events):
Event: 0.015 Loaded shared library C:\Program Files\Apache NetBeans\jdk\bin\java.dll

Deoptimization events (0 events):
No events

Classes loaded (0 events):
No events

Classes unloaded (0 events):
No events

Classes redefined (0 events):
No events

Internal exceptions (0 events):
No events

VM Operations (0 events):
No events

Memory protections (0 events):
No events

Nmethod flushes (0 events):
No events

Events (0 events):
No events


Dynamic libraries:
0x00007ff777f00000 - 0x00007ff777f0e000 	C:\Program Files\Apache NetBeans\jdk\bin\java.exe
0x00007ff833920000 - 0x00007ff833b86000 	C:\WINDOWS\SYSTEM32\ntdll.dll
0x00007ff832b70000 - 0x00007ff832c39000 	C:\WINDOWS\System32\KERNEL32.DLL
0x00007ff830d30000 - 0x00007ff83112a000 	C:\WINDOWS\System32\KERNELBASE.dll
0x00007ff830bb0000 - 0x00007ff830cfc000 	C:\WINDOWS\System32\ucrtbase.dll
0x00007ff81de80000 - 0x00007ff81de96000 	C:\Program Files\Apache NetBeans\jdk\bin\jli.dll
0x00007ff822fc0000 - 0x00007ff822fde000 	C:\Program Files\Apache NetBeans\jdk\bin\VCRUNTIME140.dll
0x00007ff831790000 - 0x00007ff831957000 	C:\WINDOWS\System32\USER32.dll
0x00007ff81c570000 - 0x00007ff81c802000 	C:\WINDOWS\WinSxS\amd64_microsoft.windows.common-controls_6595b64144ccf1df_6.0.26100.8521_none_3e08b75ce33403b3\COMCTL32.dll
0x00007ff830d00000 - 0x00007ff830d27000 	C:\WINDOWS\System32\win32u.dll
0x00007ff833820000 - 0x00007ff8338c9000 	C:\WINDOWS\System32\msvcrt.dll
0x00007ff832b40000 - 0x00007ff832b6b000 	C:\WINDOWS\System32\GDI32.dll
0x00007ff831340000 - 0x00007ff83146b000 	C:\WINDOWS\System32\gdi32full.dll
0x00007ff831530000 - 0x00007ff8315d3000 	C:\WINDOWS\System32\msvcp_win.dll
0x00007ff832730000 - 0x00007ff832762000 	C:\WINDOWS\System32\IMM32.DLL
0x00007ff82b800000 - 0x00007ff82b80c000 	C:\Program Files\Apache NetBeans\jdk\bin\vcruntime140_1.dll
0x00007ff81ac50000 - 0x00007ff81acdd000 	C:\Program Files\Apache NetBeans\jdk\bin\msvcp140.dll
0x00007fff99b20000 - 0x00007fff9aa46000 	C:\Program Files\Apache NetBeans\jdk\bin\server\jvm.dll
0x00007ff832660000 - 0x00007ff832716000 	C:\WINDOWS\System32\ADVAPI32.dll
0x00007ff832d00000 - 0x00007ff832daa000 	C:\WINDOWS\System32\sechost.dll
0x00007ff833700000 - 0x00007ff833818000 	C:\WINDOWS\System32\RPCRT4.dll
0x00007ff832850000 - 0x00007ff8328d0000 	C:\WINDOWS\System32\WS2_32.dll
0x00007ff830a10000 - 0x00007ff830a6e000 	C:\WINDOWS\SYSTEM32\POWRPROF.dll
0x00007ff820480000 - 0x00007ff8204b6000 	C:\WINDOWS\SYSTEM32\WINMM.dll
0x00007ff821f10000 - 0x00007ff821f1b000 	C:\WINDOWS\SYSTEM32\VERSION.dll
0x00007ff8309f0000 - 0x00007ff830a04000 	C:\WINDOWS\SYSTEM32\UMPDC.dll
0x00007ff82f940000 - 0x00007ff82f95b000 	C:\WINDOWS\SYSTEM32\kernel.appcore.dll
0x00007ff82b750000 - 0x00007ff82b75a000 	C:\Program Files\Apache NetBeans\jdk\bin\jimage.dll
0x00007ff82e4f0000 - 0x00007ff82e732000 	C:\WINDOWS\SYSTEM32\DBGHELP.DLL
0x00007ff831960000 - 0x00007ff831ce3000 	C:\WINDOWS\System32\combase.dll
0x00007ff832480000 - 0x00007ff832559000 	C:\WINDOWS\System32\OLEAUT32.dll
0x00007ff809930000 - 0x00007ff80996b000 	C:\WINDOWS\SYSTEM32\dbgcore.DLL
0x00007ff8315e0000 - 0x00007ff831688000 	C:\WINDOWS\System32\bcryptPrimitives.dll
0x00007ff81df70000 - 0x00007ff81df8e000 	C:\Program Files\Apache NetBeans\jdk\bin\java.dll
0x00007ff8322e0000 - 0x00007ff832478000 	C:\WINDOWS\System32\ole32.dll
0x00007ff832f70000 - 0x00007ff8336f4000 	C:\WINDOWS\System32\SHELL32.dll

JVMTI agents: none

dbghelp: loaded successfully - version: 4.0.5 - missing functions: none
symbol engine: initialized successfully - sym options: 0x614 - pdb path: .;C:\Program Files\Apache NetBeans\jdk\bin;C:\WINDOWS\SYSTEM32;C:\WINDOWS\WinSxS\amd64_microsoft.windows.common-controls_6595b64144ccf1df_6.0.26100.8521_none_3e08b75ce33403b3;C:\Program Files\Apache NetBeans\jdk\bin\server

VM Arguments:
jvm_args: -Dfile.encoding=UTF-8 --enable-native-access=ALL-UNNAMED 
java_command: main.Main
java_class_path (initial): C:\Users\Carbon\Downloads\mysql-connector-j-8.0.31.jar;C:\Users\Carbon\Downloads\library exel\commons-collections4-4.4.jar;C:\Users\Carbon\Downloads\library exel\commons-compress-1.26.1.jar;C:\Users\Carbon\Downloads\library exel\log4j-api-2.23.1.jar;C:\Users\Carbon\Downloads\library exel\poi-5.3.0.jar;C:\Users\Carbon\Downloads\library exel\poi-ooxml-5.3.0.jar;C:\Users\Carbon\Downloads\library exel\poi-ooxml-lite-5.3.0.jar;C:\Users\Carbon\Downloads\library exel\xmlbeans-5.2.1.jar;C:\Users\Carbon\Downloads\library exel\commons-io-2.15.1.jar;C:\Users\Carbon\Downloads\library exel\jBCrypt-0.4.jar;C:\Users\Carbon\Downloads\library exel\openpdf-1.3.43.jar;C:\Users\Carbon\Downloads\flatlaf-3.6.jar;C:\Users\Carbon\Downloads\flatlaf-extras-3.6.jar;C:\Users\Carbon\Downloads\jsvg-1.6.1.jar;C:\Users\Carbon\OneDrive\Documents\NetBeansProjects\kassekolahannn-main\build\classes
Launcher Type: SUN_STANDARD

[Global flags]
     intx CICompilerCount                          = 4                                         {product} {ergonomic}
     uint ConcGCThreads                            = 2                                         {product} {ergonomic}
     uint G1ConcRefinementThreads                  = 8                                         {product} {ergonomic}
   size_t G1HeapRegionSize                         = 2097152                                   {product} {ergonomic}
   size_t InitialHeapSize                          = 266338304                                 {product} {ergonomic}
   size_t MarkStackSize                            = 4194304                                   {product} {ergonomic}
   size_t MarkStackSizeMax                         = 536870912                                 {product} {ergonomic}
   size_t MaxHeapSize                              = 4236247040                                {product} {ergonomic}
   size_t MinHeapDeltaBytes                        = 2097152                                   {product} {ergonomic}
   size_t MinHeapSize                              = 8388608                                   {product} {ergonomic}
    uintx NonNMethodCodeHeapSize                   = 5832704                                {pd product} {ergonomic}
    uintx NonProfiledCodeHeapSize                  = 122945536                              {pd product} {ergonomic}
    uintx ProfiledCodeHeapSize                     = 122880000                              {pd product} {ergonomic}
    uintx ReservedCodeCacheSize                    = 251658240                              {pd product} {ergonomic}
     bool SegmentedCodeCache                       = true                                      {product} {ergonomic}
   size_t SoftMaxHeapSize                          = 4236247040                             {manageable} {ergonomic}
     bool UseCompressedOops                        = true                           {product lp64_product} {ergonomic}
     bool UseG1GC                                  = true                                      {product} {ergonomic}
     bool UseLargePagesIndividualAllocation        = false                                  {pd product} {ergonomic}

Logging:
Log output configuration:
 #0: stdout all=warning uptime,level,tags foldmultilines=false
 #1: stderr all=off uptime,level,tags foldmultilines=false

Release file:
<release file has not been read>
Environment Variables:
PATH=C:\Program Files\Common Files\Oracle\Java\javapath;C:\Program Files\ImageMagick-7.1.2-Q16-HDRI;C:\WINDOWS\system32;C:\WINDOWS;C:\WINDOWS\System32\Wbem;C:\WINDOWS\System32\WindowsPowerShell\v1.0\;C:\WINDOWS\System32\OpenSSH\;C:\Program Files\Git\cmd;C:\Program Files\nodejs\;C:\Users\Carbon\AppData\Local\Programs\Python\Python311\Scripts\;C:\Users\Carbon\AppData\Local\Programs\Python\Python311\;C:\Users\Carbon\AppData\Local\Microsoft\WindowsApps;C:\Users\Carbon\AppData\Local\Programs\Microsoft VS Code\bin;C:\Users\Carbon\AppData\Local\Microsoft\WinGet\Links;C:\ffmpeg\bin;C:\Users\Carbon\AppData\Roaming\npm
USERNAME=Carbon
OS=Windows_NT
PROCESSOR_IDENTIFIER=Intel64 Family 6 Model 142 Stepping 12, GenuineIntel
TMP=C:\Users\Carbon\AppData\Local\Temp
TEMP=C:\Users\Carbon\AppData\Local\Temp




Compilation memory statistics disabled.

Periodic native trim disabled

---------------  S Y S T E M  ---------------

OS:
 Windows 11 , 64 bit Build 26100 (10.0.26100.8521)
OS uptime: 1 days 2:34 hours

CPU: total 8 (initial active 8) (4 cores per cpu, 2 threads per core) family 6 model 142 stepping 12 microcode 0x100, cx8, cmov, fxsr, ht, mmx, 3dnowpref, sse, sse2, sse3, ssse3, sse4.1, sse4.2, popcnt, lzcnt, tsc, tscinvbit, avx, avx2, aes, erms, clmul, bmi1, bmi2, adx, fma, vzeroupper, clflush, clflushopt, rdtscp, f16c
Processor Information for the first 8 processors :
  Max Mhz: 2112, Current Mhz: 1910, Mhz Limit: 1900

Memory: 4k page, system-wide physical 16153M (3956M free)
TotalPageFile size 16153M (AvailPageFile size 201M)
current process WorkingSet (physical memory assigned to process): 14M, peak: 14M
current process commit charge ("private bytes"): 61M, peak: 314M

vm_info: OpenJDK 64-Bit Server VM (25.0.1+8-LTS) for windows-amd64 JRE (25.0.1+8-LTS), built on 2025-10-21T00:00:00Z with unknown MS VC++:1942

END.
